[INFO] Scanning for projects...
[INFO] 
[INFO] ----------------< com.youthhealth:youth-health-backend >----------------
[INFO] Building youth-health-backend 0.0.1-SNAPSHOT
[INFO] --------------------------------[ jar ]---------------------------------
[INFO] 
[INFO] >>> spring-boot-maven-plugin:3.3.9:run (default-cli) > test-compile @ youth-health-backend >>>
[INFO] 
[INFO] --- maven-resources-plugin:3.3.1:resources (default-resources) @ youth-health-backend ---
[INFO] Copying 3 resources from src\main\resources to target\classes
[INFO] Copying 14 resources from src\main\resources to target\classes
[INFO] 
[INFO] --- maven-compiler-plugin:3.13.0:compile (default-compile) @ youth-health-backend ---
[INFO] Nothing to compile - all classes are up to date.
[INFO] 
[INFO] --- maven-resources-plugin:3.3.1:testResources (default-testResources) @ youth-health-backend ---
[INFO] skip non existing resourceDirectory D:\22软工\论文\基于Spring Boot的青春智慧运动健康系统的设计与实现\backend\src\test\resources
[INFO] 
[INFO] --- maven-compiler-plugin:3.13.0:testCompile (default-testCompile) @ youth-health-backend ---
[INFO] No sources to compile
[INFO] 
[INFO] <<< spring-boot-maven-plugin:3.3.9:run (default-cli) < test-compile @ youth-health-backend <<<
[INFO] 
[INFO] 
[INFO] --- spring-boot-maven-plugin:3.3.9:run (default-cli) @ youth-health-backend ---
[INFO] Attaching agents: []

  .   ____          _            __ _ _
 /\\ / ___'_ __ _ _(_)_ __  __ _ \ \ \ \
( ( )\___ | '_ | '_| | '_ \/ _` | \ \ \ \
 \\/  ___)| |_)| | | | | || (_| |  ) ) ) )
  '  |____| .__|_| |_|_| |_\__, | / / / /
 =========|_|==============|___/=/_/_/_/

 :: Spring Boot ::                (v3.3.9)

2026-03-14T17:02:01.563+08:00  INFO 40756 --- [youth-health-backend] [           main] com.youthhealth.YouthHealthApplication   : Starting YouthHealthApplication using Java 21.0.9 with PID 40756 (D:\22杞伐\璁烘枃\鍩轰簬Spring Boot鐨勯潚鏄ユ櫤鎱ц繍鍔ㄥ仴搴风郴缁熺殑璁捐涓庡疄鐜癨backend\target\classes started by 86186 in D:\22杞伐\璁烘枃\鍩轰簬Spring Boot鐨勯潚鏄ユ櫤鎱ц繍鍔ㄥ仴搴风郴缁熺殑璁捐涓庡疄鐜癨backend)
2026-03-14T17:02:01.565+08:00  INFO 40756 --- [youth-health-backend] [           main] com.youthhealth.YouthHealthApplication   : The following 1 profile is active: "dev"
2026-03-14T17:02:02.201+08:00  INFO 40756 --- [youth-health-backend] [           main] .s.d.r.c.RepositoryConfigurationDelegate : Multiple Spring Data modules found, entering strict repository configuration mode
2026-03-14T17:02:02.204+08:00  INFO 40756 --- [youth-health-backend] [           main] .s.d.r.c.RepositoryConfigurationDelegate : Bootstrapping Spring Data Redis repositories in DEFAULT mode.
2026-03-14T17:02:02.240+08:00  INFO 40756 --- [youth-health-backend] [           main] .s.d.r.c.RepositoryConfigurationDelegate : Finished Spring Data repository scanning in 25 ms. Found 0 Redis repository interfaces.
2026-03-14T17:02:02.710+08:00  INFO 40756 --- [youth-health-backend] [           main] o.s.b.w.embedded.tomcat.TomcatWebServer  : Tomcat initialized with port 8080 (http)
2026-03-14T17:02:02.722+08:00  INFO 40756 --- [youth-health-backend] [           main] o.apache.catalina.core.StandardService   : Starting service [Tomcat]
2026-03-14T17:02:02.724+08:00  INFO 40756 --- [youth-health-backend] [           main] o.apache.catalina.core.StandardEngine    : Starting Servlet engine: [Apache Tomcat/10.1.36]
2026-03-14T17:02:02.767+08:00  INFO 40756 --- [youth-health-backend] [           main] o.a.c.c.C.[Tomcat].[localhost].[/]       : Initializing Spring embedded WebApplicationContext
2026-03-14T17:02:02.768+08:00  INFO 40756 --- [youth-health-backend] [           main] w.s.c.ServletWebServerApplicationContext : Root WebApplicationContext: initialization completed in 1168 ms
Logging initialized using 'class org.apache.ibatis.logging.stdout.StdOutImpl' adapter.
2026-03-14T17:02:03.560+08:00  INFO 40756 --- [youth-health-backend] [           main] r$InitializeUserDetailsManagerConfigurer : Global AuthenticationManager configured with UserDetailsService bean with name customUserDetailsService
2026-03-14T17:02:03.966+08:00  INFO 40756 --- [youth-health-backend] [           main] o.s.b.w.embedded.tomcat.TomcatWebServer  : Tomcat started on port 8080 (http) with context path '/'
2026-03-14T17:02:03.975+08:00  INFO 40756 --- [youth-health-backend] [           main] com.youthhealth.YouthHealthApplication   : Started YouthHealthApplication in 2.727 seconds (process running for 2.977)
2026-03-14T17:02:03.980+08:00  INFO 40756 --- [youth-health-backend] [           main] com.zaxxer.hikari.HikariDataSource       : HikariPool-1 - Starting...
2026-03-14T17:02:03.994+08:00  INFO 40756 --- [youth-health-backend] [           main] com.zaxxer.hikari.HikariDataSource       : HikariPool-1 - Start completed.
Creating a new SqlSession
Registering transaction synchronization for SqlSession [org.apache.ibatis.session.defaults.DefaultSqlSession@215a329c]
JDBC Connection [HikariProxyConnection@237989395 wrapping com.mysql.cj.jdbc.ConnectionImpl@780a91d0] will be managed by Spring
==>  Preparing: SELECT id, role_code, role_name, status, created_at, updated_at FROM sys_role WHERE role_code = ?
==> Parameters: ADMIN(String)
<==    Columns: id, role_code, role_name, status, created_at, updated_at
<==        Row: 1, ADMIN, 管理员, 1, 2026-03-14 14:33:52, 2026-03-14 14:33:52
<==      Total: 1
Releasing transactional SqlSession [org.apache.ibatis.session.defaults.DefaultSqlSession@215a329c]
Fetched SqlSession [org.apache.ibatis.session.defaults.DefaultSqlSession@215a329c] from current transaction
==>  Preparing: SELECT id, role_code, role_name, status, created_at, updated_at FROM sys_role WHERE role_code = ?
==> Parameters: USER(String)
<==    Columns: id, role_code, role_name, status, created_at, updated_at
<==        Row: 2, USER, 普通用户, 1, 2026-03-14 14:33:52, 2026-03-14 14:33:52
<==      Total: 1
Releasing transactional SqlSession [org.apache.ibatis.session.defaults.DefaultSqlSession@215a329c]
Fetched SqlSession [org.apache.ibatis.session.defaults.DefaultSqlSession@215a329c] from current transaction
==>  Preparing: SELECT id, username, password_hash, nickname, phone, email, status, created_at, updated_at FROM sys_user WHERE username = ?
==> Parameters: admin(String)
<==    Columns: id, username, password_hash, nickname, phone, email, status, created_at, updated_at
<==        Row: 1, admin, $2a$10$zGfytVbpjEX4s6Wcz08i.u02m6kcuY5bqnOXUlbJ1c0sDFFEBDf6q, 系统管理员, 13800000000, admin@youthhealth.local, 1, 2026-03-14 16:46:05, 2026-03-14 16:46:05
<==      Total: 1
Releasing transactional SqlSession [org.apache.ibatis.session.defaults.DefaultSqlSession@215a329c]
Fetched SqlSession [org.apache.ibatis.session.defaults.DefaultSqlSession@215a329c] from current transaction
==>  Preparing: SELECT COUNT(1) FROM sys_user_role WHERE user_id = ? AND role_id = ?
==> Parameters: 1(Long), 1(Long)
<==    Columns: COUNT(1)
<==        Row: 1
<==      Total: 1
Releasing transactional SqlSession [org.apache.ibatis.session.defaults.DefaultSqlSession@215a329c]
Transaction synchronization committing SqlSession [org.apache.ibatis.session.defaults.DefaultSqlSession@215a329c]
Transaction synchronization deregistering SqlSession [org.apache.ibatis.session.defaults.DefaultSqlSession@215a329c]
Transaction synchronization closing SqlSession [org.apache.ibatis.session.defaults.DefaultSqlSession@215a329c]
2026-03-14T17:02:32.772+08:00  INFO 40756 --- [youth-health-backend] [nio-8080-exec-1] o.a.c.c.C.[Tomcat].[localhost].[/]       : Initializing Spring DispatcherServlet 'dispatcherServlet'
2026-03-14T17:02:32.773+08:00  INFO 40756 --- [youth-health-backend] [nio-8080-exec-1] o.s.web.servlet.DispatcherServlet        : Initializing Servlet 'dispatcherServlet'
2026-03-14T17:02:32.774+08:00  INFO 40756 --- [youth-health-backend] [nio-8080-exec-1] o.s.web.servlet.DispatcherServlet        : Completed initialization in 1 ms
Creating a new SqlSession
Creating a new SqlSession
SqlSession [org.apache.ibatis.session.defaults.DefaultSqlSession@788ff821] was not registered for synchronization because synchronization is not active
SqlSession [org.apache.ibatis.session.defaults.DefaultSqlSession@4d43f687] was not registered for synchronization because synchronization is not active
JDBC Connection [HikariProxyConnection@1011849674 wrapping com.mysql.cj.jdbc.ConnectionImpl@780a91d0] will not be managed by Spring
JDBC Connection [HikariProxyConnection@555984760 wrapping com.mysql.cj.jdbc.ConnectionImpl@41e0d9c9] will not be managed by Spring
==>  Preparing: SELECT id, username, password_hash, nickname, phone, email, status, created_at, updated_at FROM sys_user WHERE username = ?
==>  Preparing: SELECT id, username, password_hash, nickname, phone, email, status, created_at, updated_at FROM sys_user WHERE username = ?
==> Parameters: admin(String)
==> Parameters: admin(String)
<==    Columns: id, username, password_hash, nickname, phone, email, status, created_at, updated_at
<==    Columns: id, username, password_hash, nickname, phone, email, status, created_at, updated_at
<==        Row: 1, admin, $2a$10$zGfytVbpjEX4s6Wcz08i.u02m6kcuY5bqnOXUlbJ1c0sDFFEBDf6q, 系统管理员, 13800000000, admin@youthhealth.local, 1, 2026-03-14 16:46:05, 2026-03-14 16:46:05
<==        Row: 1, admin, $2a$10$zGfytVbpjEX4s6Wcz08i.u02m6kcuY5bqnOXUlbJ1c0sDFFEBDf6q, 系统管理员, 13800000000, admin@youthhealth.local, 1, 2026-03-14 16:46:05, 2026-03-14 16:46:05
<==      Total: 1
<==      Total: 1
Closing non transactional SqlSession [org.apache.ibatis.session.defaults.DefaultSqlSession@4d43f687]
Closing non transactional SqlSession [org.apache.ibatis.session.defaults.DefaultSqlSession@788ff821]
Creating a new SqlSession
Creating a new SqlSession
SqlSession [org.apache.ibatis.session.defaults.DefaultSqlSession@77b6140f] was not registered for synchronization because synchronization is not active
SqlSession [org.apache.ibatis.session.defaults.DefaultSqlSession@39a79d39] was not registered for synchronization because synchronization is not active
JDBC Connection [HikariProxyConnection@1326896376 wrapping com.mysql.cj.jdbc.ConnectionImpl@41e0d9c9] will not be managed by Spring
JDBC Connection [HikariProxyConnection@2045170190 wrapping com.mysql.cj.jdbc.ConnectionImpl@780a91d0] will not be managed by Spring
==>  Preparing: SELECT r.role_code FROM sys_role r JOIN sys_user_role ur ON r.id = ur.role_id WHERE ur.user_id = ? ORDER BY r.id
==>  Preparing: SELECT r.role_code FROM sys_role r JOIN sys_user_role ur ON r.id = ur.role_id WHERE ur.user_id = ? ORDER BY r.id
==> Parameters: 1(Long)
==> Parameters: 1(Long)
<==    Columns: role_code
<==    Columns: role_code
<==        Row: ADMIN
<==        Row: ADMIN
<==      Total: 1
<==      Total: 1
Closing non transactional SqlSession [org.apache.ibatis.session.defaults.DefaultSqlSession@77b6140f]
Closing non transactional SqlSession [org.apache.ibatis.session.defaults.DefaultSqlSession@39a79d39]
Creating a new SqlSession
Creating a new SqlSession
SqlSession [org.apache.ibatis.session.defaults.DefaultSqlSession@5b29fe18] was not registered for synchronization because synchronization is not active
SqlSession [org.apache.ibatis.session.defaults.DefaultSqlSession@4c475d16] was not registered for synchronization because synchronization is not active
JDBC Connection [HikariProxyConnection@703755737 wrapping com.mysql.cj.jdbc.ConnectionImpl@780a91d0] will not be managed by Spring
JDBC Connection [HikariProxyConnection@1268724838 wrapping com.mysql.cj.jdbc.ConnectionImpl@41e0d9c9] will not be managed by Spring
==>  Preparing: SELECT id, user_id, gender, birthday, height_cm, weight_kg, activity_level, goal_type, bmi, bmr, daily_calorie_target, created_at, updated_at FROM user_profile WHERE user_id = ?
==>  Preparing: SELECT id, user_id, gender, birthday, height_cm, weight_kg, activity_level, goal_type, bmi, bmr, daily_calorie_target, created_at, updated_at FROM user_profile WHERE user_id = ?
==> Parameters: 1(Long)
==> Parameters: 1(Long)
<==      Total: 0
<==      Total: 0
Closing non transactional SqlSession [org.apache.ibatis.session.defaults.DefaultSqlSession@5b29fe18]
Closing non transactional SqlSession [org.apache.ibatis.session.defaults.DefaultSqlSession@4c475d16]
Creating a new SqlSession
SqlSession [org.apache.ibatis.session.defaults.DefaultSqlSession@48ff3943] was not registered for synchronization because synchronization is not active
JDBC Connection [HikariProxyConnection@820992529 wrapping com.mysql.cj.jdbc.ConnectionImpl@780a91d0] will not be managed by Spring
==>  Preparing: SELECT id, username, password_hash, nickname, phone, email, status, created_at, updated_at FROM sys_user WHERE username = ?
==> Parameters: admin(String)
<==    Columns: id, username, password_hash, nickname, phone, email, status, created_at, updated_at
<==        Row: 1, admin, $2a$10$zGfytVbpjEX4s6Wcz08i.u02m6kcuY5bqnOXUlbJ1c0sDFFEBDf6q, 系统管理员, 13800000000, admin@youthhealth.local, 1, 2026-03-14 16:46:05, 2026-03-14 16:46:05
<==      Total: 1
Closing non transactional SqlSession [org.apache.ibatis.session.defaults.DefaultSqlSession@48ff3943]
Creating a new SqlSession
SqlSession [org.apache.ibatis.session.defaults.DefaultSqlSession@522b9195] was not registered for synchronization because synchronization is not active
JDBC Connection [HikariProxyConnection@1664061362 wrapping com.mysql.cj.jdbc.ConnectionImpl@780a91d0] will not be managed by Spring
==>  Preparing: SELECT r.role_code FROM sys_role r JOIN sys_user_role ur ON r.id = ur.role_id WHERE ur.user_id = ? ORDER BY r.id
==> Parameters: 1(Long)
<==    Columns: role_code
<==        Row: ADMIN
<==      Total: 1
Closing non transactional SqlSession [org.apache.ibatis.session.defaults.DefaultSqlSession@522b9195]
Creating a new SqlSession
SqlSession [org.apache.ibatis.session.defaults.DefaultSqlSession@72acccde] was not registered for synchronization because synchronization is not active
JDBC Connection [HikariProxyConnection@2136199329 wrapping com.mysql.cj.jdbc.ConnectionImpl@780a91d0] will not be managed by Spring
==>  Preparing: SELECT id, username, password_hash, nickname, phone, email, status, created_at, updated_at FROM sys_user WHERE id = ?
==> Parameters: 1(Long)
<==    Columns: id, username, password_hash, nickname, phone, email, status, created_at, updated_at
<==        Row: 1, admin, $2a$10$zGfytVbpjEX4s6Wcz08i.u02m6kcuY5bqnOXUlbJ1c0sDFFEBDf6q, 系统管理员, 13800000000, admin@youthhealth.local, 1, 2026-03-14 16:46:05, 2026-03-14 16:46:05
<==      Total: 1
Closing non transactional SqlSession [org.apache.ibatis.session.defaults.DefaultSqlSession@72acccde]
Creating a new SqlSession
SqlSession [org.apache.ibatis.session.defaults.DefaultSqlSession@4c95f4ad] was not registered for synchronization because synchronization is not active
JDBC Connection [HikariProxyConnection@1481317341 wrapping com.mysql.cj.jdbc.ConnectionImpl@780a91d0] will not be managed by Spring
==>  Preparing: SELECT r.role_code FROM sys_role r JOIN sys_user_role ur ON r.id = ur.role_id WHERE ur.user_id = ? ORDER BY r.id
==> Parameters: 1(Long)
<==    Columns: role_code
<==        Row: ADMIN
<==      Total: 1
Closing non transactional SqlSession [org.apache.ibatis.session.defaults.DefaultSqlSession@4c95f4ad]
Creating a new SqlSession
SqlSession [org.apache.ibatis.session.defaults.DefaultSqlSession@699e6f6b] was not registered for synchronization because synchronization is not active
JDBC Connection [HikariProxyConnection@181259881 wrapping com.mysql.cj.jdbc.ConnectionImpl@780a91d0] will not be managed by Spring
==>  Preparing: SELECT id, user_id, gender, birthday, height_cm, weight_kg, activity_level, goal_type, bmi, bmr, daily_calorie_target, created_at, updated_at FROM user_profile WHERE user_id = ?
==> Parameters: 1(Long)
<==      Total: 0
Closing non transactional SqlSession [org.apache.ibatis.session.defaults.DefaultSqlSession@699e6f6b]
2026-03-14T19:39:16.241+08:00  WARN 40756 --- [youth-health-backend] [l-1 housekeeper] com.zaxxer.hikari.pool.HikariPool        : HikariPool-1 - Thread starvation or clock leap detected (housekeeper delta=2h26m12s807ms636碌s200ns).
